{
  "stats": {
    "suites": 1,
    "tests": 1,
    "passes": 1,
    "pending": 0,
    "failures": 0,
    "start": "2022-09-23T12:41:50.717Z",
    "end": "2022-09-23T12:42:28.780Z",
    "duration": 38063,
    "testsRegistered": 1,
    "passPercent": 100,
    "pendingPercent": 0,
    "other": 0,
    "hasOther": false,
    "skipped": 0,
    "hasSkipped": false
  },
  "results": [
    {
      "uuid": "9fad7f6b-b5f0-489f-8758-5b6d73b72c17",
      "title": "",
      "fullFile": "cypress\\integration\\examples\\DTPTestInsertMovement.js",
      "file": "cypress\\integration\\examples\\DTPTestInsertMovement.js",
      "beforeHooks": [],
      "afterHooks": [],
      "tests": [],
      "suites": [
        {
          "uuid": "c39ad11f-d824-4d11-89ce-89f06372d6b0",
          "title": "My third Test Suite",
          "fullFile": "",
          "file": "",
          "beforeHooks": [],
          "afterHooks": [],
          "tests": [
            {
              "title": "TC_040",
              "fullTitle": "My third Test Suite TC_040",
              "timedOut": null,
              "duration": 35392,
              "state": "passed",
              "speed": "slow",
              "pass": true,
              "fail": false,
              "pending": false,
              "context": null,
              "code": "const homepage = new _homePage.default();\nconst fdmpage = new _FDMPage.default();\nconst insertmvmtpage = new _insertMovementPage.default();\nhomepage.clickFDM();\nfdmpage.ClickMovementIcon();\ncy.getInsertMovement().click();\ninsertmvmtpage.ArrCategoryField().click().contains('CODE').should('be.visible');\ninsertmvmtpage.ArrCategoryField().click().contains('Name').should('be.visible');\ninsertmvmtpage.ArrFlightNumberField().click().contains('Blue Air').click();\ninsertmvmtpage.ArrnumberField().type(123);\ninsertmvmtpage.ArrAdepField().click().contains('Matanza').click({\n  force: true\n});\ninsertmvmtpage.depACTypeField().click().contains('BE12').click({\n  force: true\n});\ninsertmvmtpage.Save();\ncy.getError().contains('Please fill Category for the arrival');",
              "err": {},
              "uuid": "54d033a7-c298-4544-ac9d-f57ec2c41314",
              "parentUUID": "c39ad11f-d824-4d11-89ce-89f06372d6b0",
              "isHook": false,
              "skipped": false
            }
          ],
          "suites": [],
          "passes": [
            "54d033a7-c298-4544-ac9d-f57ec2c41314"
          ],
          "failures": [],
          "pending": [],
          "skipped": [],
          "duration": 35392,
          "root": false,
          "rootEmpty": false,
          "_timeout": 2000
        }
      ],
      "passes": [],
      "failures": [],
      "pending": [],
      "skipped": [],
      "duration": 0,
      "root": true,
      "rootEmpty": true,
      "_timeout": 2000
    }
  ],
  "meta": {
    "mocha": {
      "version": "7.0.1"
    },
    "mochawesome": {
      "options": {
        "quiet": false,
        "reportFilename": "mochawesome",
        "saveHtml": true,
        "saveJson": true,
        "consoleReporter": "spec",
        "useInlineDiffs": false,
        "code": true
      },
      "version": "7.1.3"
    },
    "marge": {
      "options": null,
      "version": "6.2.0"
    }
  }
}